<?xml version="1.0" encoding="utf-8"?><testsuites><testsuite errors="0" failures="0" hostname="DESKTOP-IIQKILV" name="pytest" skipped="0" tests="6" time="16.103" timestamp="2020-07-01T22:54:08.723628"><testcase classname="TestCases.test_loginTestCases_pytest.Test_LoginCases" file="TestCases\test_loginTestCases_pytest.py" line="18" name="test_unnormal_login[logindata0]" time="6.716"></testcase><testcase classname="TestCases.test_loginTestCases_pytest.Test_LoginCases" file="TestCases\test_loginTestCases_pytest.py" line="18" name="test_unnormal_login[logindata1]" time="1.268"></testcase><testcase classname="TestCases.test_loginTestCases_pytest.Test_LoginCases" file="TestCases\test_loginTestCases_pytest.py" line="18" name="test_unnormal_login[logindata2]" time="1.449"></testcase><testcase classname="TestCases.test_loginTestCases_pytest.Test_LoginCases" file="TestCases\test_loginTestCases_pytest.py" line="18" name="test_unnormal_login[logindata3]" time="1.178"></testcase><testcase classname="TestCases.test_loginTestCases_pytest.Test_LoginCases" file="TestCases\test_loginTestCases_pytest.py" line="26" name="test_Popuperror_login[logindata0]" time="1.662"></testcase><testcase classname="TestCases.test_loginTestCases_pytest.Test_LoginCases" file="TestCases\test_loginTestCases_pytest.py" line="33" name="test_normal_login" time="3.700"></testcase></testsuite></testsuites>